# JRE version: OpenJDK Runtime Environment JBR-17.0.14+1-1367.22-nomod (17.0.14+1) (build 17.0.14+1-b1367.22)
# Java VM: OpenJDK 64-Bit Server VM JBR-17.0.14+1-1367.22-nomod (17.0.14+1-b1367.22, mixed mode, tiered, compressed oops, compressed class ptrs, serial gc, windows-amd64)
GC Precious Log:
 CPUs: 12 total, 12 available
 Memory: 7835M
 Large Page Support: Disabled
 NUMA Support: Disabled
 Compressed Oops: Enabled (32-bit)
 Heap Min Capacity: 32M
 Heap Initial Capacity: 32M
 Heap Max Capacity: 256M
 Pre-touch: Disabled
Heap:
 def new generation   total 9920K, used 3328K [0x00000000f0000000, 0x00000000f0ac0000, 0x00000000f5550000)
  eden space 8832K,  25% used [0x00000000f0000000, 0x00000000f0230068, 0x00000000f08a0000)
  from space 1088K, 100% used [0x00000000f09b0000, 0x00000000f0ac0000, 0x00000000f0ac0000)
  to   space 1088K,   0% used [0x00000000f08a0000, 0x00000000f08a0000, 0x00000000f09b0000)
 tenured generation   total 21888K, used 17012K [0x00000000f5550000, 0x00000000f6ab0000, 0x0000000100000000)
   the space 21888K,  77% used [0x00000000f5550000, 0x00000000f65ed360, 0x00000000f65ed400, 0x00000000f6ab0000)
 Metaspace       used 32850K, committed 33088K, reserved 1114112K
  class space    used 4211K, committed 4352K, reserved 1048576K
GC Heap History (20 events):
Event: 1.183 GC heap before
{Heap before GC invocations=2 (full 0):
 def new generation   total 9792K, used 9677K [0x00000000f0000000, 0x00000000f0aa0000, 0x00000000f5550000)
  eden space 8704K,  99% used [0x00000000f0000000, 0x00000000f087fff8, 0x00000000f0880000)
  from space 1088K,  89% used [0x00000000f0880000, 0x00000000f0973690, 0x00000000f0990000)
  to   space 1088K,   0% used [0x00000000f0990000, 0x00000000f0990000, 0x00000000f0aa0000)
 tenured generation   total 21888K, used 1353K [0x00000000f5550000, 0x00000000f6ab0000, 0x0000000100000000)
   the space 21888K,   6% used [0x00000000f5550000, 0x00000000f56a2448, 0x00000000f56a2600, 0x00000000f6ab0000)
 Metaspace       used 15139K, committed 15360K, reserved 1114112K
  class space    used 1553K, committed 1664K, reserved 1048576K
}
Event: 1.186 GC heap after
{Heap after GC invocations=3 (full 0):
 def new generation   total 9792K, used 1087K [0x00000000f0000000, 0x00000000f0aa0000, 0x00000000f5550000)
  eden space 8704K,   0% used [0x00000000f0000000, 0x00000000f0000000, 0x00000000f0880000)
  from space 1088K,  99% used [0x00000000f0990000, 0x00000000f0a9fff8, 0x00000000f0aa0000)
  to   space 1088K,   0% used [0x00000000f0880000, 0x00000000f0880000, 0x00000000f0990000)
 tenured generation   total 21888K, used 2782K [0x00000000f5550000, 0x00000000f6ab0000, 0x0000000100000000)
   the space 21888K,  12% used [0x00000000f5550000, 0x00000000f5807ac0, 0x00000000f5807c00, 0x00000000f6ab0000)
 Metaspace       used 15139K, committed 15360K, reserved 1114112K
  class space    used 1553K, committed 1664K, reserved 1048576K
}
Event: 1.430 GC heap before
{Heap before GC invocations=3 (full 0):
 def new generation   total 9792K, used 9791K [0x00000000f0000000, 0x00000000f0aa0000, 0x00000000f5550000)
  eden space 8704K, 100% used [0x00000000f0000000, 0x00000000f0880000, 0x00000000f0880000)
  from space 1088K,  99% used [0x00000000f0990000, 0x00000000f0a9fff8, 0x00000000f0aa0000)
  to   space 1088K,   0% used [0x00000000f0880000, 0x00000000f0880000, 0x00000000f0990000)
 tenured generation   total 21888K, used 2782K [0x00000000f5550000, 0x00000000f6ab0000, 0x0000000100000000)
   the space 21888K,  12% used [0x00000000f5550000, 0x00000000f5807ac0, 0x00000000f5807c00, 0x00000000f6ab0000)
 Metaspace       used 18760K, committed 18944K, reserved 1114112K
  class space    used 1960K, committed 2048K, reserved 1048576K
}
Event: 1.434 GC heap after
{Heap after GC invocations=4 (full 0):
 def new generation   total 9792K, used 1060K [0x00000000f0000000, 0x00000000f0aa0000, 0x00000000f5550000)
  eden space 8704K,   0% used [0x00000000f0000000, 0x00000000f0000000, 0x00000000f0880000)
  from space 1088K,  97% used [0x00000000f0880000, 0x00000000f0989188, 0x00000000f0990000)
  to   space 1088K,   0% used [0x00000000f0990000, 0x00000000f0990000, 0x00000000f0aa0000)
 tenured generation   total 21888K, used 3856K [0x00000000f5550000, 0x00000000f6ab0000, 0x0000000100000000)
   the space 21888K,  17% used [0x00000000f5550000, 0x00000000f5914128, 0x00000000f5914200, 0x00000000f6ab0000)
 Metaspace       used 18760K, committed 18944K, reserved 1114112K
  class space    used 1960K, committed 2048K, reserved 1048576K
}
Event: 1.598 GC heap before
{Heap before GC invocations=4 (full 0):
 def new generation   total 9792K, used 9764K [0x00000000f0000000, 0x00000000f0aa0000, 0x00000000f5550000)
  eden space 8704K, 100% used [0x00000000f0000000, 0x00000000f0880000, 0x00000000f0880000)
  from space 1088K,  97% used [0x00000000f0880000, 0x00000000f0989188, 0x00000000f0990000)
  to   space 1088K,   0% used [0x00000000f0990000, 0x00000000f0990000, 0x00000000f0aa0000)
 tenured generation   total 21888K, used 3856K [0x00000000f5550000, 0x00000000f6ab0000, 0x0000000100000000)
   the space 21888K,  17% used [0x00000000f5550000, 0x00000000f5914128, 0x00000000f5914200, 0x00000000f6ab0000)
 Metaspace       used 20817K, committed 20992K, reserved 1114112K
  class space    used 2278K, committed 2368K, reserved 1048576K
}
Event: 1.602 GC heap after
{Heap after GC invocations=5 (full 0):
 def new generation   total 9792K, used 1088K [0x00000000f0000000, 0x00000000f0aa0000, 0x00000000f5550000)
  eden space 8704K,   0% used [0x00000000f0000000, 0x00000000f0000000, 0x00000000f0880000)
  from space 1088K, 100% used [0x00000000f0990000, 0x00000000f0aa0000, 0x00000000f0aa0000)
  to   space 1088K,   0% used [0x00000000f0880000, 0x00000000f0880000, 0x00000000f0990000)
 tenured generation   total 21888K, used 5599K [0x00000000f5550000, 0x00000000f6ab0000, 0x0000000100000000)
   the space 21888K,  25% used [0x00000000f5550000, 0x00000000f5ac7df8, 0x00000000f5ac7e00, 0x00000000f6ab0000)
 Metaspace       used 20817K, committed 20992K, reserved 1114112K
  class space    used 2278K, committed 2368K, reserved 1048576K
}
Event: 1.636 GC heap before
{Heap before GC invocations=5 (full 0):
 def new generation   total 9792K, used 3242K [0x00000000f0000000, 0x00000000f0aa0000, 0x00000000f5550000)
  eden space 8704K,  24% used [0x00000000f0000000, 0x00000000f021a8c8, 0x00000000f0880000)
  from space 1088K, 100% used [0x00000000f0990000, 0x00000000f0aa0000, 0x00000000f0aa0000)
  to   space 1088K,   0% used [0x00000000f0880000, 0x00000000f0880000, 0x00000000f0990000)
 tenured generation   total 21888K, used 5599K [0x00000000f5550000, 0x00000000f6ab0000, 0x0000000100000000)
   the space 21888K,  25% used [0x00000000f5550000, 0x00000000f5ac7df8, 0x00000000f5ac7e00, 0x00000000f6ab0000)
 Metaspace       used 21365K, committed 21504K, reserved 1114112K
  class space    used 2382K, committed 2432K, reserved 1048576K
}
Event: 1.647 GC heap after
{Heap after GC invocations=6 (full 1):
 def new generation   total 9920K, used 0K [0x00000000f0000000, 0x00000000f0ac0000, 0x00000000f5550000)
  eden space 8832K,   0% used [0x00000000f0000000, 0x00000000f0000000, 0x00000000f08a0000)
  from space 1088K,   0% used [0x00000000f08a0000, 0x00000000f08a0000, 0x00000000f09b0000)
  to   space 1088K,   0% used [0x00000000f09b0000, 0x00000000f09b0000, 0x00000000f0ac0000)
 tenured generation   total 21888K, used 7082K [0x00000000f5550000, 0x00000000f6ab0000, 0x0000000100000000)
   the space 21888K,  32% used [0x00000000f5550000, 0x00000000f5c3a850, 0x00000000f5c3aa00, 0x00000000f6ab0000)
 Metaspace       used 21365K, committed 21504K, reserved 1114112K
  class space    used 2382K, committed 2432K, reserved 1048576K
}
Event: 1.810 GC heap before
{Heap before GC invocations=6 (full 1):
 def new generation   total 9920K, used 8832K [0x00000000f0000000, 0x00000000f0ac0000, 0x00000000f5550000)
  eden space 8832K, 100% used [0x00000000f0000000, 0x00000000f08a0000, 0x00000000f08a0000)
  from space 1088K,   0% used [0x00000000f08a0000, 0x00000000f08a0000, 0x00000000f09b0000)
  to   space 1088K,   0% used [0x00000000f09b0000, 0x00000000f09b0000, 0x00000000f0ac0000)
 tenured generation   total 21888K, used 7082K [0x00000000f5550000, 0x00000000f6ab0000, 0x0000000100000000)
   the space 21888K,  32% used [0x00000000f5550000, 0x00000000f5c3a850, 0x00000000f5c3aa00, 0x00000000f6ab0000)
 Metaspace       used 23846K, committed 24128K, reserved 1114112K
  class space    used 2758K, committed 2880K, reserved 1048576K
}
Event: 1.813 GC heap after
{Heap after GC invocations=7 (full 1):
 def new generation   total 9920K, used 1088K [0x00000000f0000000, 0x00000000f0ac0000, 0x00000000f5550000)
  eden space 8832K,   0% used [0x00000000f0000000, 0x00000000f0000000, 0x00000000f08a0000)
  from space 1088K, 100% used [0x00000000f09b0000, 0x00000000f0ac0000, 0x00000000f0ac0000)
  to   space 1088K,   0% used [0x00000000f08a0000, 0x00000000f08a0000, 0x00000000f09b0000)
 tenured generation   total 21888K, used 7909K [0x00000000f5550000, 0x00000000f6ab0000, 0x0000000100000000)
   the space 21888K,  36% used [0x00000000f5550000, 0x00000000f5d09640, 0x00000000f5d09800, 0x00000000f6ab0000)
 Metaspace       used 23846K, committed 24128K, reserved 1114112K
  class space    used 2758K, committed 2880K, reserved 1048576K
}
Event: 1.971 GC heap before
{Heap before GC invocations=7 (full 1):
 def new generation   total 9920K, used 9920K [0x00000000f0000000, 0x00000000f0ac0000, 0x00000000f5550000)
  eden space 8832K, 100% used [0x00000000f0000000, 0x00000000f08a0000, 0x00000000f08a0000)
  from space 1088K, 100% used [0x00000000f09b0000, 0x00000000f0ac0000, 0x00000000f0ac0000)
  to   space 1088K,   0% used [0x00000000f08a0000, 0x00000000f08a0000, 0x00000000f09b0000)
 tenured generation   total 21888K, used 7909K [0x00000000f5550000, 0x00000000f6ab0000, 0x0000000100000000)
   the space 21888K,  36% used [0x00000000f5550000, 0x00000000f5d09640, 0x00000000f5d09800, 0x00000000f6ab0000)
 Metaspace       used 26215K, committed 26496K, reserved 1114112K
  class space    used 3161K, committed 3328K, reserved 1048576K
}
Event: 1.975 GC heap after
{Heap after GC invocations=8 (full 1):
 def new generation   total 9920K, used 644K [0x00000000f0000000, 0x00000000f0ac0000, 0x00000000f5550000)
  eden space 8832K,   0% used [0x00000000f0000000, 0x00000000f0000000, 0x00000000f08a0000)
  from space 1088K,  59% used [0x00000000f08a0000, 0x00000000f0941050, 0x00000000f09b0000)
  to   space 1088K,   0% used [0x00000000f09b0000, 0x00000000f09b0000, 0x00000000f0ac0000)
 tenured generation   total 21888K, used 8990K [0x00000000f5550000, 0x00000000f6ab0000, 0x0000000100000000)
   the space 21888K,  41% used [0x00000000f5550000, 0x00000000f5e17b40, 0x00000000f5e17c00, 0x00000000f6ab0000)
 Metaspace       used 26215K, committed 26496K, reserved 1114112K
  class space    used 3161K, committed 3328K, reserved 1048576K
}
Event: 2.126 GC heap before
{Heap before GC invocations=8 (full 1):
 def new generation   total 9920K, used 9476K [0x00000000f0000000, 0x00000000f0ac0000, 0x00000000f5550000)
  eden space 8832K, 100% used [0x00000000f0000000, 0x00000000f08a0000, 0x00000000f08a0000)
  from space 1088K,  59% used [0x00000000f08a0000, 0x00000000f0941050, 0x00000000f09b0000)
  to   space 1088K,   0% used [0x00000000f09b0000, 0x00000000f09b0000, 0x00000000f0ac0000)
 tenured generation   total 21888K, used 8990K [0x00000000f5550000, 0x00000000f6ab0000, 0x0000000100000000)
   the space 21888K,  41% used [0x00000000f5550000, 0x00000000f5e17b40, 0x00000000f5e17c00, 0x00000000f6ab0000)
 Metaspace       used 27482K, committed 27712K, reserved 1114112K
  class space    used 3407K, committed 3520K, reserved 1048576K
}
Event: 2.129 GC heap after
{Heap after GC invocations=9 (full 1):
 def new generation   total 9920K, used 1074K [0x00000000f0000000, 0x00000000f0ac0000, 0x00000000f5550000)
  eden space 8832K,   0% used [0x00000000f0000000, 0x00000000f0000000, 0x00000000f08a0000)
  from space 1088K,  98% used [0x00000000f09b0000, 0x00000000f0abc8e8, 0x00000000f0ac0000)
  to   space 1088K,   0% used [0x00000000f08a0000, 0x00000000f08a0000, 0x00000000f09b0000)
 tenured generation   total 21888K, used 9613K [0x00000000f5550000, 0x00000000f6ab0000, 0x0000000100000000)
   the space 21888K,  43% used [0x00000000f5550000, 0x00000000f5eb36c0, 0x00000000f5eb3800, 0x00000000f6ab0000)
 Metaspace       used 27482K, committed 27712K, reserved 1114112K
  class space    used 3407K, committed 3520K, reserved 1048576K
}
Event: 2.230 GC heap before
{Heap before GC invocations=9 (full 1):
 def new generation   total 9920K, used 9906K [0x00000000f0000000, 0x00000000f0ac0000, 0x00000000f5550000)
  eden space 8832K, 100% used [0x00000000f0000000, 0x00000000f08a0000, 0x00000000f08a0000)
  from space 1088K,  98% used [0x00000000f09b0000, 0x00000000f0abc8e8, 0x00000000f0ac0000)
  to   space 1088K,   0% used [0x00000000f08a0000, 0x00000000f08a0000, 0x00000000f09b0000)
 tenured generation   total 21888K, used 9613K [0x00000000f5550000, 0x00000000f6ab0000, 0x0000000100000000)
   the space 21888K,  43% used [0x00000000f5550000, 0x00000000f5eb36c0, 0x00000000f5eb3800, 0x00000000f6ab0000)
 Metaspace       used 29354K, committed 29632K, reserved 1114112K
  class space    used 3843K, committed 3968K, reserved 1048576K
}
Event: 2.233 GC heap after
{Heap after GC invocations=10 (full 1):
 def new generation   total 9920K, used 937K [0x00000000f0000000, 0x00000000f0ac0000, 0x00000000f5550000)
  eden space 8832K,   0% used [0x00000000f0000000, 0x00000000f0000000, 0x00000000f08a0000)
  from space 1088K,  86% used [0x00000000f08a0000, 0x00000000f098a458, 0x00000000f09b0000)
  to   space 1088K,   0% used [0x00000000f09b0000, 0x00000000f09b0000, 0x00000000f0ac0000)
 tenured generation   total 21888K, used 10652K [0x00000000f5550000, 0x00000000f6ab0000, 0x0000000100000000)
   the space 21888K,  48% used [0x00000000f5550000, 0x00000000f5fb7270, 0x00000000f5fb7400, 0x00000000f6ab0000)
 Metaspace       used 29354K, committed 29632K, reserved 1114112K
  class space    used 3843K, committed 3968K, reserved 1048576K
}
Event: 2.510 GC heap before
{Heap before GC invocations=10 (full 1):
 def new generation   total 9920K, used 9769K [0x00000000f0000000, 0x00000000f0ac0000, 0x00000000f5550000)
  eden space 8832K, 100% used [0x00000000f0000000, 0x00000000f08a0000, 0x00000000f08a0000)
  from space 1088K,  86% used [0x00000000f08a0000, 0x00000000f098a458, 0x00000000f09b0000)
  to   space 1088K,   0% used [0x00000000f09b0000, 0x00000000f09b0000, 0x00000000f0ac0000)
 tenured generation   total 21888K, used 10652K [0x00000000f5550000, 0x00000000f6ab0000, 0x0000000100000000)
   the space 21888K,  48% used [0x00000000f5550000, 0x00000000f5fb7270, 0x00000000f5fb7400, 0x00000000f6ab0000)
 Metaspace       used 29683K, committed 29888K, reserved 1114112K
  class space    used 3877K, committed 3968K, reserved 1048576K
}
Event: 2.515 GC heap after
{Heap after GC invocations=11 (full 1):
 def new generation   total 9920K, used 1088K [0x00000000f0000000, 0x00000000f0ac0000, 0x00000000f5550000)
  eden space 8832K,   0% used [0x00000000f0000000, 0x00000000f0000000, 0x00000000f08a0000)
  from space 1088K, 100% used [0x00000000f09b0000, 0x00000000f0ac0000, 0x00000000f0ac0000)
  to   space 1088K,   0% used [0x00000000f08a0000, 0x00000000f08a0000, 0x00000000f09b0000)
 tenured generation   total 21888K, used 12672K [0x00000000f5550000, 0x00000000f6ab0000, 0x0000000100000000)
   the space 21888K,  57% used [0x00000000f5550000, 0x00000000f61b0368, 0x00000000f61b0400, 0x00000000f6ab0000)
 Metaspace       used 29683K, committed 29888K, reserved 1114112K
  class space    used 3877K, committed 3968K, reserved 1048576K
}
Event: 2.830 GC heap before
{Heap before GC invocations=11 (full 1):
 def new generation   total 9920K, used 9920K [0x00000000f0000000, 0x00000000f0ac0000, 0x00000000f5550000)
  eden space 8832K, 100% used [0x00000000f0000000, 0x00000000f08a0000, 0x00000000f08a0000)
  from space 1088K, 100% used [0x00000000f09b0000, 0x00000000f0ac0000, 0x00000000f0ac0000)
  to   space 1088K,   0% used [0x00000000f08a0000, 0x00000000f08a0000, 0x00000000f09b0000)
 tenured generation   total 21888K, used 12672K [0x00000000f5550000, 0x00000000f6ab0000, 0x0000000100000000)
   the space 21888K,  57% used [0x00000000f5550000, 0x00000000f61b0368, 0x00000000f61b0400, 0x00000000f6ab0000)
 Metaspace       used 31230K, committed 31488K, reserved 1114112K
  class space    used 4034K, committed 4160K, reserved 1048576K
}
Event: 2.836 GC heap after
{Heap after GC invocations=12 (full 1):
 def new generation   total 9920K, used 1087K [0x00000000f0000000, 0x00000000f0ac0000, 0x00000000f5550000)
  eden space 8832K,   0% used [0x00000000f0000000, 0x00000000f0000000, 0x00000000f08a0000)
  from space 1088K,  99% used [0x00000000f08a0000, 0x00000000f09afff8, 0x00000000f09b0000)
  to   space 1088K,   0% used [0x00000000f09b0000, 0x00000000f09b0000, 0x00000000f0ac0000)
 tenured generation   total 21888K, used 14407K [0x00000000f5550000, 0x00000000f6ab0000, 0x0000000100000000)
   the space 21888K,  65% used [0x00000000f5550000, 0x00000000f6361ff8, 0x00000000f6362000, 0x00000000f6ab0000)
 Metaspace       used 31230K, committed 31488K, reserved 1114112K
  class space    used 4034K, committed 4160K, reserved 1048576K
}

