# JRE version: OpenJDK Runtime Environment JBR-17.0.14+1-1367.22-nomod (17.0.14+1) (build 17.0.14+1-b1367.22)
# Java VM: OpenJDK 64-Bit Server VM JBR-17.0.14+1-1367.22-nomod (17.0.14+1-b1367.22, mixed mode, sharing, tiered, compressed oops, compressed class ptrs, g1 gc, windows-amd64)
GC Precious Log:
 CPUs: 12 total, 12 available
 Memory: 7835M
 Large Page Support: Disabled
 NUMA Support: Disabled
 Compressed Oops: Enabled (32-bit)
 Heap Region Size: 1M
 Heap Min Capacity: 8M
 Heap Initial Capacity: 124M
 Heap Max Capacity: 1960M
 Pre-touch: Disabled
 Parallel Workers: 10
 Concurrent Workers: 3
 Concurrent Refinement Workers: 10
 Periodic GC: Disabled
Heap:
 garbage-first heap   total 109568K, used 29747K [0x0000000085800000, 0x0000000100000000)
  region size 1024K, 1 young (1024K), 1 survivors (1024K)
 Metaspace       used 28369K, committed 28672K, reserved 1114112K
  class space    used 3431K, committed 3584K, reserved 1048576K
GC Heap History (20 events):
Event: 6.257 GC heap after
{Heap after GC invocations=4 (full 0):
 garbage-first heap   total 126976K, used 11264K [0x0000000085800000, 0x0000000100000000)
  region size 1024K, 1 young (1024K), 1 survivors (1024K)
 Metaspace       used 21208K, committed 21504K, reserved 1114112K
  class space    used 2675K, committed 2816K, reserved 1048576K
}
Event: 6.561 GC heap before
{Heap before GC invocations=5 (full 0):
 garbage-first heap   total 40960K, used 33792K [0x0000000085800000, 0x0000000100000000)
  region size 1024K, 25 young (25600K), 1 survivors (1024K)
 Metaspace       used 25031K, committed 25280K, reserved 1114112K
  class space    used 3066K, committed 3200K, reserved 1048576K
}
Event: 6.570 GC heap after
{Heap after GC invocations=6 (full 0):
 garbage-first heap   total 41984K, used 15563K [0x0000000085800000, 0x0000000100000000)
  region size 1024K, 6 young (6144K), 6 survivors (6144K)
 Metaspace       used 25031K, committed 25280K, reserved 1114112K
  class space    used 3066K, committed 3200K, reserved 1048576K
}
Event: 6.815 GC heap before
{Heap before GC invocations=6 (full 0):
 garbage-first heap   total 41984K, used 27851K [0x0000000085800000, 0x0000000100000000)
  region size 1024K, 19 young (19456K), 6 survivors (6144K)
 Metaspace       used 25730K, committed 25984K, reserved 1114112K
  class space    used 3148K, committed 3264K, reserved 1048576K
}
Event: 6.824 GC heap after
{Heap after GC invocations=7 (full 0):
 garbage-first heap   total 41984K, used 18974K [0x0000000085800000, 0x0000000100000000)
  region size 1024K, 3 young (3072K), 3 survivors (3072K)
 Metaspace       used 25730K, committed 25984K, reserved 1114112K
  class space    used 3148K, committed 3264K, reserved 1048576K
}
Event: 6.956 GC heap before
{Heap before GC invocations=7 (full 0):
 garbage-first heap   total 41984K, used 29214K [0x0000000085800000, 0x0000000100000000)
  region size 1024K, 13 young (13312K), 3 survivors (3072K)
 Metaspace       used 26152K, committed 26496K, reserved 1114112K
  class space    used 3198K, committed 3392K, reserved 1048576K
}
Event: 6.963 GC heap after
{Heap after GC invocations=8 (full 0):
 garbage-first heap   total 41984K, used 21427K [0x0000000085800000, 0x0000000100000000)
  region size 1024K, 2 young (2048K), 2 survivors (2048K)
 Metaspace       used 26152K, committed 26496K, reserved 1114112K
  class space    used 3198K, committed 3392K, reserved 1048576K
}
Event: 7.026 GC heap before
{Heap before GC invocations=8 (full 0):
 garbage-first heap   total 41984K, used 30643K [0x0000000085800000, 0x0000000100000000)
  region size 1024K, 11 young (11264K), 2 survivors (2048K)
 Metaspace       used 26213K, committed 26624K, reserved 1114112K
  class space    used 3201K, committed 3392K, reserved 1048576K
}
Event: 7.033 GC heap after
{Heap after GC invocations=9 (full 0):
 garbage-first heap   total 54272K, used 23499K [0x0000000085800000, 0x0000000100000000)
  region size 1024K, 2 young (2048K), 2 survivors (2048K)
 Metaspace       used 26213K, committed 26624K, reserved 1114112K
  class space    used 3201K, committed 3392K, reserved 1048576K
}
Event: 7.112 GC heap before
{Heap before GC invocations=10 (full 0):
 garbage-first heap   total 54272K, used 37835K [0x0000000085800000, 0x0000000100000000)
  region size 1024K, 16 young (16384K), 2 survivors (2048K)
 Metaspace       used 26346K, committed 26688K, reserved 1114112K
  class space    used 3206K, committed 3392K, reserved 1048576K
}
Event: 7.118 GC heap after
{Heap after GC invocations=11 (full 0):
 garbage-first heap   total 54272K, used 26030K [0x0000000085800000, 0x0000000100000000)
  region size 1024K, 2 young (2048K), 2 survivors (2048K)
 Metaspace       used 26346K, committed 26688K, reserved 1114112K
  class space    used 3206K, committed 3392K, reserved 1048576K
}
Event: 7.139 GC heap before
{Heap before GC invocations=11 (full 0):
 garbage-first heap   total 54272K, used 27054K [0x0000000085800000, 0x0000000100000000)
  region size 1024K, 3 young (3072K), 2 survivors (2048K)
 Metaspace       used 26414K, committed 26752K, reserved 1114112K
  class space    used 3209K, committed 3392K, reserved 1048576K
}
Event: 7.144 GC heap after
{Heap after GC invocations=12 (full 0):
 garbage-first heap   total 54272K, used 26458K [0x0000000085800000, 0x0000000100000000)
  region size 1024K, 1 young (1024K), 1 survivors (1024K)
 Metaspace       used 26414K, committed 26752K, reserved 1114112K
  class space    used 3209K, committed 3392K, reserved 1048576K
}
Event: 7.348 GC heap before
{Heap before GC invocations=12 (full 0):
 garbage-first heap   total 54272K, used 38746K [0x0000000085800000, 0x0000000100000000)
  region size 1024K, 13 young (13312K), 1 survivors (1024K)
 Metaspace       used 27445K, committed 27776K, reserved 1114112K
  class space    used 3336K, committed 3520K, reserved 1048576K
}
Event: 7.354 GC heap after
{Heap after GC invocations=13 (full 0):
 garbage-first heap   total 54272K, used 28102K [0x0000000085800000, 0x0000000100000000)
  region size 1024K, 2 young (2048K), 2 survivors (2048K)
 Metaspace       used 27445K, committed 27776K, reserved 1114112K
  class space    used 3336K, committed 3520K, reserved 1048576K
}
Event: 7.652 GC heap before
{Heap before GC invocations=14 (full 0):
 garbage-first heap   total 54272K, used 40390K [0x0000000085800000, 0x0000000100000000)
  region size 1024K, 14 young (14336K), 2 survivors (2048K)
 Metaspace       used 28124K, committed 28480K, reserved 1114112K
  class space    used 3417K, committed 3584K, reserved 1048576K
}
Event: 7.659 GC heap after
{Heap after GC invocations=15 (full 0):
 garbage-first heap   total 54272K, used 29360K [0x0000000085800000, 0x0000000100000000)
  region size 1024K, 2 young (2048K), 2 survivors (2048K)
 Metaspace       used 28124K, committed 28480K, reserved 1114112K
  class space    used 3417K, committed 3584K, reserved 1048576K
}
Event: 7.678 GC heap before
{Heap before GC invocations=15 (full 0):
 garbage-first heap   total 54272K, used 30384K [0x0000000085800000, 0x0000000100000000)
  region size 1024K, 3 young (3072K), 2 survivors (2048K)
 Metaspace       used 28145K, committed 28480K, reserved 1114112K
  class space    used 3417K, committed 3584K, reserved 1048576K
}
Event: 7.684 GC heap after
{Heap after GC invocations=16 (full 0):
 garbage-first heap   total 54272K, used 29391K [0x0000000085800000, 0x0000000100000000)
  region size 1024K, 1 young (1024K), 1 survivors (1024K)
 Metaspace       used 28145K, committed 28480K, reserved 1114112K
  class space    used 3417K, committed 3584K, reserved 1048576K
}
Event: 7.896 GC heap before
{Heap before GC invocations=16 (full 0):
 garbage-first heap   total 54272K, used 40655K [0x0000000085800000, 0x0000000100000000)
  region size 1024K, 12 young (12288K), 1 survivors (1024K)
 Metaspace       used 28369K, committed 28672K, reserved 1114112K
  class space    used 3431K, committed 3584K, reserved 1048576K
}

