# JRE version: OpenJDK Runtime Environment JBR-17.0.14+1-1367.22-nomod (17.0.14+1) (build 17.0.14+1-b1367.22)
# Java VM: OpenJDK 64-Bit Server VM JBR-17.0.14+1-1367.22-nomod (17.0.14+1-b1367.22, mixed mode, sharing, tiered, compressed oops, compressed class ptrs, g1 gc, windows-amd64)
GC Precious Log:
 CPUs: 12 total, 12 available
 Memory: 7835M
 Large Page Support: Disabled
 NUMA Support: Disabled
 Compressed Oops: Enabled (32-bit)
 Heap Region Size: 1M
 Heap Min Capacity: 8M
 Heap Initial Capacity: 124M
 Heap Max Capacity: 1960M
 Pre-touch: Disabled
 Parallel Workers: 10
 Concurrent Workers: 3
 Concurrent Refinement Workers: 10
 Periodic GC: Disabled
Heap:
 garbage-first heap   total 45056K, used 15010K [0x0000000085800000, 0x0000000100000000)
  region size 1024K, 2 young (2048K), 2 survivors (2048K)
 Metaspace       used 25925K, committed 26304K, reserved 1114112K
  class space    used 3171K, committed 3328K, reserved 1048576K
GC Heap History (10 events):
Event: 0.316 GC heap before
{Heap before GC invocations=0 (full 0):
 garbage-first heap   total 126976K, used 23552K [0x0000000085800000, 0x0000000100000000)
  region size 1024K, 23 young (23552K), 0 survivors (0K)
 Metaspace       used 5589K, committed 5760K, reserved 1114112K
  class space    used 707K, committed 768K, reserved 1048576K
}
Event: 0.320 GC heap after
{Heap after GC invocations=1 (full 0):
 garbage-first heap   total 126976K, used 3680K [0x0000000085800000, 0x0000000100000000)
  region size 1024K, 3 young (3072K), 3 survivors (3072K)
 Metaspace       used 5589K, committed 5760K, reserved 1114112K
  class space    used 707K, committed 768K, reserved 1048576K
}
Event: 0.555 GC heap before
{Heap before GC invocations=1 (full 0):
 garbage-first heap   total 126976K, used 35424K [0x0000000085800000, 0x0000000100000000)
  region size 1024K, 34 young (34816K), 3 survivors (3072K)
 Metaspace       used 9749K, committed 9856K, reserved 1114112K
  class space    used 1237K, committed 1280K, reserved 1048576K
}
Event: 0.559 GC heap after
{Heap after GC invocations=2 (full 0):
 garbage-first heap   total 126976K, used 5519K [0x0000000085800000, 0x0000000100000000)
  region size 1024K, 2 young (2048K), 2 survivors (2048K)
 Metaspace       used 9749K, committed 9856K, reserved 1114112K
  class space    used 1237K, committed 1280K, reserved 1048576K
}
Event: 1.588 GC heap before
{Heap before GC invocations=2 (full 0):
 garbage-first heap   total 126976K, used 69007K [0x0000000085800000, 0x0000000100000000)
  region size 1024K, 65 young (66560K), 2 survivors (2048K)
 Metaspace       used 21274K, committed 21504K, reserved 1114112K
  class space    used 2655K, committed 2752K, reserved 1048576K
}
Event: 1.601 GC heap after
{Heap after GC invocations=3 (full 0):
 garbage-first heap   total 126976K, used 11872K [0x0000000085800000, 0x0000000100000000)
  region size 1024K, 8 young (8192K), 8 survivors (8192K)
 Metaspace       used 21274K, committed 21504K, reserved 1114112K
  class space    used 2655K, committed 2752K, reserved 1048576K
}
Event: 10.694 GC heap before
{Heap before GC invocations=4 (full 0):
 garbage-first heap   total 45056K, used 29280K [0x0000000085800000, 0x0000000100000000)
  region size 1024K, 26 young (26624K), 8 survivors (8192K)
 Metaspace       used 24998K, committed 25280K, reserved 1114112K
  class space    used 3099K, committed 3264K, reserved 1048576K
}
Event: 10.709 GC heap after
{Heap after GC invocations=5 (full 0):
 garbage-first heap   total 45056K, used 14176K [0x0000000085800000, 0x0000000100000000)
  region size 1024K, 3 young (3072K), 3 survivors (3072K)
 Metaspace       used 24998K, committed 25280K, reserved 1114112K
  class space    used 3099K, committed 3264K, reserved 1048576K
}
Event: 10.723 GC heap before
{Heap before GC invocations=5 (full 0):
 garbage-first heap   total 45056K, used 15200K [0x0000000085800000, 0x0000000100000000)
  region size 1024K, 4 young (4096K), 3 survivors (3072K)
 Metaspace       used 25013K, committed 25280K, reserved 1114112K
  class space    used 3099K, committed 3264K, reserved 1048576K
}
Event: 10.726 GC heap after
{Heap after GC invocations=6 (full 0):
 garbage-first heap   total 45056K, used 14408K [0x0000000085800000, 0x0000000100000000)
  region size 1024K, 1 young (1024K), 1 survivors (1024K)
 Metaspace       used 25013K, committed 25280K, reserved 1114112K
  class space    used 3099K, committed 3264K, reserved 1048576K
}

